<?xml version='1.0' encoding='UTF-8'?>
<testsuite hostname="lhh-OptiPlex-Tower-Plus-7020" name="riscv.ThreeStageCPUTest" tests="7" errors="0" failures="0" skipped="0" time="10.875" timestamp="2025-01-22T14:11:00">
          <properties>
[...]
</properties>
          <testcase classname="riscv.ThreeStageCPUTest" name="Three-stage Pipelined CPU should calculate recursively fibonacci(10)" time="2.997">
                      
                    </testcase><testcase classname="riscv.ThreeStageCPUTest" name="Three-stage Pipelined CPU should quicksort 10 numbers" time="1.682">
                      
                    </testcase><testcase classname="riscv.ThreeStageCPUTest" name="Three-stage Pipelined CPU should store and load single byte" time="1.241">
                      
                    </testcase><testcase classname="riscv.ThreeStageCPUTest" name="Three-stage Pipelined CPU should solve control hazards" time="1.231">
                      
                    </testcase><testcase classname="riscv.ThreeStageCPUTest" name="Three-stage Pipelined CPU should test multiplication and infinite loop" time="1.257">
                      
                    </testcase><testcase classname="riscv.ThreeStageCPUTest" name="Three-stage Pipelined CPU should test multiplication, division, unsigned division, and remainders with an infinite loop" time="1.244">
                      
                    </testcase><testcase classname="riscv.ThreeStageCPUTest" name="Three-stage Pipelined CPU should correctly calculate the integer square root of 100" time="1.223">
                      
                    </testcase>
          <system-out><![CDATA[]]></system-out>
          <system-err><![CDATA[]]></system-err>
        </testsuite>