<?xml version='1.0' encoding='UTF-8'?>
<testsuite hostname="lhh-OptiPlex-Tower-Plus-7020" name="riscv.PipelineRegisterTest" tests="1" errors="0" failures="0" skipped="0" time="3.768" timestamp="2025-01-18T18:51:34">
          <properties>
[...]
</properties>
          <testcase classname="riscv.PipelineRegisterTest" name="Pipeline Register should be able to stall and flush" time="3.768">
                      
                    </testcase>
          <system-out><![CDATA[]]></system-out>
          <system-err><![CDATA[]]></system-err>
        </testsuite>